<?xml version="1.0" encoding="UTF-8"?>
<!-- Generated by org.testng.reporters.JUnitReportReporter -->
<testsuite hostname="DESKTOP-5A5ROCQ" failures="0" tests="16" name="StarAgilePractice.PracticeAssignments.AssgnQ4" time="-1716394368.000" errors="1" timestamp="2024-05-22T21:43:41 IST" skipped="15">
  <testcase classname="StarAgilePractice.PracticeAssignments.AssgnQ4" name="emptyPhoneTest" time="0.000">
    <skipped/>
  </testcase> <!-- emptyPhoneTest -->
  <testcase classname="StarAgilePractice.PracticeAssignments.AssgnQ4" name="emptyCompanyNameTest" time="0.001">
    <skipped/>
  </testcase> <!-- emptyCompanyNameTest -->
  <testcase classname="StarAgilePractice.PracticeAssignments.AssgnQ4" name="setUp" time="-1716394368.000">
    <error message="
Parameter &#039;browser&#039; is required by BeforeClass on method setUp but has not been marked @Optional or defined
in C:\Users\Shri Hari\AppData\Local\Temp\testng-eclipse-551885487\testng-customsuite.xml" type="org.testng.TestNGException">
      <![CDATA[org.testng.TestNGException: 
Parameter 'browser' is required by BeforeClass on method setUp but has not been marked @Optional or defined
in C:\Users\Shri Hari\AppData\Local\Temp\testng-eclipse-551885487\testng-customsuite.xml
at org.testng.internal.Parameters.createParams(Parameters.java:267)
at org.testng.internal.Parameters.createParametersForMethod(Parameters.java:355)
at org.testng.internal.Parameters.createParameters(Parameters.java:693)
at org.testng.internal.Parameters.createConfigurationParameters(Parameters.java:166)
at org.testng.internal.invokers.ConfigInvoker.invokeConfigurations(ConfigInvoker.java:306)
at org.testng.internal.invokers.TestMethodWorker.invokeBeforeClassMethods(TestMethodWorker.java:180)
at org.testng.internal.invokers.TestMethodWorker.run(TestMethodWorker.java:122)
at java.base/java.util.ArrayList.forEach(ArrayList.java:1511)
at org.testng.TestRunner.privateRun(TestRunner.java:819)
at org.testng.TestRunner.run(TestRunner.java:619)
at org.testng.SuiteRunner.runTest(SuiteRunner.java:443)
at org.testng.SuiteRunner.runSequentially(SuiteRunner.java:437)
at org.testng.SuiteRunner.privateRun(SuiteRunner.java:397)
at org.testng.SuiteRunner.run(SuiteRunner.java:336)
at org.testng.SuiteRunnerWorker.runSuite(SuiteRunnerWorker.java:52)
at org.testng.SuiteRunnerWorker.run(SuiteRunnerWorker.java:95)
at org.testng.TestNG.runSuitesSequentially(TestNG.java:1301)
at org.testng.TestNG.runSuitesLocally(TestNG.java:1228)
at org.testng.TestNG.runSuites(TestNG.java:1134)
at org.testng.TestNG.run(TestNG.java:1101)
at org.testng.remote.AbstractRemoteTestNG.run(AbstractRemoteTestNG.java:115)
at org.testng.remote.RemoteTestNG.initAndRun(RemoteTestNG.java:293)
at org.testng.remote.RemoteTestNG.main(RemoteTestNG.java:91)
]]>
    </error>
  </testcase> <!-- setUp -->
  <testcase classname="StarAgilePractice.PracticeAssignments.AssgnQ4" name="loginRedirectionTest" time="0.001">
    <skipped/>
  </testcase> <!-- loginRedirectionTest -->
  <testcase classname="StarAgilePractice.PracticeAssignments.AssgnQ4" name="verifyElemntsOnPageTest" time="0.000">
    <skipped/>
  </testcase> <!-- verifyElemntsOnPageTest -->
  <testcase classname="StarAgilePractice.PracticeAssignments.AssgnQ4" name="termsRedirectionTest" time="0.000">
    <skipped/>
  </testcase> <!-- termsRedirectionTest -->
  <testcase classname="StarAgilePractice.PracticeAssignments.AssgnQ4" name="emptyPasswordTest" time="0.000">
    <skipped/>
  </testcase> <!-- emptyPasswordTest -->
  <testcase classname="StarAgilePractice.PracticeAssignments.AssgnQ4" name="inValidPasswordTest" time="0.000">
    <skipped/>
  </testcase> <!-- inValidPasswordTest -->
  <testcase classname="StarAgilePractice.PracticeAssignments.AssgnQ4" name="invalidEmailTest" time="0.001">
    <skipped/>
  </testcase> <!-- invalidEmailTest -->
  <testcase classname="StarAgilePractice.PracticeAssignments.AssgnQ4" name="landingPageRedirectionTest" time="0.000">
    <skipped/>
  </testcase> <!-- landingPageRedirectionTest -->
  <testcase classname="StarAgilePractice.PracticeAssignments.AssgnQ4" name="uncheckedTerms" time="0.000">
    <skipped/>
  </testcase> <!-- uncheckedTerms -->
  <testcase classname="StarAgilePractice.PracticeAssignments.AssgnQ4" name="validRegistrationTest" time="0.000">
    <skipped/>
  </testcase> <!-- validRegistrationTest -->
  <testcase classname="StarAgilePractice.PracticeAssignments.AssgnQ4" name="emptyEmailTest" time="0.000">
    <skipped/>
  </testcase> <!-- emptyEmailTest -->
  <testcase classname="StarAgilePractice.PracticeAssignments.AssgnQ4" name="inValidPhoneTest" time="0.000">
    <skipped/>
  </testcase> <!-- inValidPhoneTest -->
  <testcase classname="StarAgilePractice.PracticeAssignments.AssgnQ4" name="emptyNameTest" time="0.000">
    <skipped/>
  </testcase> <!-- emptyNameTest -->
  <testcase classname="StarAgilePractice.PracticeAssignments.AssgnQ4" name="privacyPolicyRedirectionTest" time="0.000">
    <skipped/>
  </testcase> <!-- privacyPolicyRedirectionTest -->
</testsuite> <!-- StarAgilePractice.PracticeAssignments.AssgnQ4 -->
